<?xml version="1.0" encoding="UTF-8"?>
<testsuite name="com.kodilla.testing.shape.ShapeCollectorTestSuite" tests="4" skipped="0" failures="0" errors="0" timestamp="2019-08-17T11:43:19" hostname="Maciek-Komputer" time="0.051">
  <properties/>
  <testcase name="testGetShape" classname="com.kodilla.testing.shape.ShapeCollectorTestSuite" time="0.008"/>
  <testcase name="testShowFigure" classname="com.kodilla.testing.shape.ShapeCollectorTestSuite" time="0.024"/>
  <testcase name="testRemoveFigure" classname="com.kodilla.testing.shape.ShapeCollectorTestSuite" time="0.001"/>
  <testcase name="testAddFigure" classname="com.kodilla.testing.shape.ShapeCollectorTestSuite" time="0.004"/>
  <system-out><![CDATA[This is the beginning of tests.
All tests are finished.
]]></system-out>
  <system-err><![CDATA[]]></system-err>
</testsuite>
