<?xml version="1.0" encoding="UTF-8"?>
<testsuite name="com.kodilla.rps.KodillaCourseApplicationTests" tests="1" skipped="0" failures="0" errors="0" timestamp="2019-09-01T13:22:32" hostname="Maciek-Komputer" time="0.615">
  <properties/>
  <testcase name="contextLoads" classname="com.kodilla.rps.KodillaCourseApplicationTests" time="0.615"/>
  <system-out><![CDATA[15:22:23.963 [Test worker] DEBUG org.springframework.test.context.junit4.SpringJUnit4ClassRunner - SpringJUnit4ClassRunner constructor called with [class com.kodilla.rps.KodillaCourseApplicationTests]
15:22:24.046 [Test worker] DEBUG org.springframework.test.context.BootstrapUtils - Instantiating CacheAwareContextLoaderDelegate from class [org.springframework.test.context.cache.DefaultCacheAwareContextLoaderDelegate]
15:22:24.133 [Test worker] DEBUG org.springframework.test.context.BootstrapUtils - Instantiating BootstrapContext using constructor [public org.springframework.test.context.support.DefaultBootstrapContext(java.lang.Class,org.springframework.test.context.CacheAwareContextLoaderDelegate)]
15:22:24.223 [Test worker] DEBUG org.springframework.test.context.BootstrapUtils - Instantiating TestContextBootstrapper for test class [com.kodilla.rps.KodillaCourseApplicationTests] from class [org.springframework.boot.test.context.SpringBootTestContextBootstrapper]
15:22:24.447 [Test worker] INFO org.springframework.boot.test.context.SpringBootTestContextBootstrapper - Neither @ContextConfiguration nor @ContextHierarchy found for test class [com.kodilla.rps.KodillaCourseApplicationTests], using SpringBootContextLoader
15:22:24.461 [Test worker] DEBUG org.springframework.test.context.support.AbstractContextLoader - Did not detect default resource location for test class [com.kodilla.rps.KodillaCourseApplicationTests]: class path resource [com/kodilla/rps/KodillaCourseApplicationTests-context.xml] does not exist
15:22:24.465 [Test worker] DEBUG org.springframework.test.context.support.AbstractContextLoader - Did not detect default resource location for test class [com.kodilla.rps.KodillaCourseApplicationTests]: class path resource [com/kodilla/rps/KodillaCourseApplicationTestsContext.groovy] does not exist
15:22:24.468 [Test worker] INFO org.springframework.test.context.support.AbstractContextLoader - Could not detect default resource locations for test class [com.kodilla.rps.KodillaCourseApplicationTests]: no resource found for suffixes {-context.xml, Context.groovy}.
15:22:24.472 [Test worker] INFO org.springframework.test.context.support.AnnotationConfigContextLoaderUtils - Could not detect default configuration classes for test class [com.kodilla.rps.KodillaCourseApplicationTests]: KodillaCourseApplicationTests does not declare any static, non-private, non-final, nested classes annotated with @Configuration.
15:22:24.912 [Test worker] DEBUG org.springframework.test.context.support.ActiveProfilesUtils - Could not find an 'annotation declaring class' for annotation type [org.springframework.test.context.ActiveProfiles] and class [com.kodilla.rps.KodillaCourseApplicationTests]
15:22:25.224 [Test worker] DEBUG org.springframework.context.annotation.ClassPathScanningCandidateComponentProvider - Identified candidate component class: file [C:\Users\Maciek\IdeaProjects\kodilla-course\build\classes\java\main\com\kodilla\rps\KodillaCourseApplication.class]
15:22:25.232 [Test worker] INFO org.springframework.boot.test.context.SpringBootTestContextBootstrapper - Found @SpringBootConfiguration com.kodilla.rps.KodillaCourseApplication for test class com.kodilla.rps.KodillaCourseApplicationTests
15:22:25.698 [Test worker] DEBUG org.springframework.boot.test.context.SpringBootTestContextBootstrapper - @TestExecutionListeners is not present for class [com.kodilla.rps.KodillaCourseApplicationTests]: using defaults.
15:22:25.702 [Test worker] INFO org.springframework.boot.test.context.SpringBootTestContextBootstrapper - Loaded default TestExecutionListener class names from location [META-INF/spring.factories]: [org.springframework.boot.test.autoconfigure.restdocs.RestDocsTestExecutionListener, org.springframework.boot.test.autoconfigure.web.client.MockRestServiceServerResetTestExecutionListener, org.springframework.boot.test.autoconfigure.web.servlet.MockMvcPrintOnlyOnFailureTestExecutionListener, org.springframework.boot.test.autoconfigure.web.servlet.WebDriverTestExecutionListener, org.springframework.boot.test.mock.mockito.MockitoTestExecutionListener, org.springframework.boot.test.mock.mockito.ResetMocksTestExecutionListener, org.springframework.test.context.web.ServletTestExecutionListener, org.springframework.test.context.support.DirtiesContextBeforeModesTestExecutionListener, org.springframework.test.context.support.DependencyInjectionTestExecutionListener, org.springframework.test.context.support.DirtiesContextTestExecutionListener, org.springframework.test.context.transaction.TransactionalTestExecutionListener, org.springframework.test.context.jdbc.SqlScriptsTestExecutionListener]
15:22:25.783 [Test worker] DEBUG org.springframework.boot.test.context.SpringBootTestContextBootstrapper - Skipping candidate TestExecutionListener [org.springframework.test.context.transaction.TransactionalTestExecutionListener] due to a missing dependency. Specify custom listener classes or make the default listener classes and their required dependencies available. Offending class: [org/springframework/transaction/interceptor/TransactionAttributeSource]
15:22:25.787 [Test worker] DEBUG org.springframework.boot.test.context.SpringBootTestContextBootstrapper - Skipping candidate TestExecutionListener [org.springframework.test.context.jdbc.SqlScriptsTestExecutionListener] due to a missing dependency. Specify custom listener classes or make the default listener classes and their required dependencies available. Offending class: [org/springframework/transaction/interceptor/TransactionAttribute]
15:22:25.789 [Test worker] INFO org.springframework.boot.test.context.SpringBootTestContextBootstrapper - Using TestExecutionListeners: [org.springframework.test.context.web.ServletTestExecutionListener@64a6759, org.springframework.test.context.support.DirtiesContextBeforeModesTestExecutionListener@7d155f06, org.springframework.boot.test.mock.mockito.MockitoTestExecutionListener@4f3219df, org.springframework.boot.test.autoconfigure.SpringBootDependencyInjectionTestExecutionListener@473b1886, org.springframework.test.context.support.DirtiesContextTestExecutionListener@121edf97, org.springframework.boot.test.autoconfigure.restdocs.RestDocsTestExecutionListener@45244fbd, org.springframework.boot.test.autoconfigure.web.client.MockRestServiceServerResetTestExecutionListener@1a875a27, org.springframework.boot.test.autoconfigure.web.servlet.MockMvcPrintOnlyOnFailureTestExecutionListener@5678ed9, org.springframework.boot.test.autoconfigure.web.servlet.WebDriverTestExecutionListener@61e10b85, org.springframework.boot.test.mock.mockito.ResetMocksTestExecutionListener@6dff9a3]
15:22:25.804 [Test worker] DEBUG org.springframework.test.annotation.ProfileValueUtils - Retrieved @ProfileValueSourceConfiguration [null] for test class [com.kodilla.rps.KodillaCourseApplicationTests]
15:22:25.809 [Test worker] DEBUG org.springframework.test.annotation.ProfileValueUtils - Retrieved ProfileValueSource type [class org.springframework.test.annotation.SystemProfileValueSource] for class [com.kodilla.rps.KodillaCourseApplicationTests]
15:22:25.845 [Test worker] DEBUG org.springframework.test.annotation.ProfileValueUtils - Retrieved @ProfileValueSourceConfiguration [null] for test class [com.kodilla.rps.KodillaCourseApplicationTests]
15:22:25.845 [Test worker] DEBUG org.springframework.test.annotation.ProfileValueUtils - Retrieved ProfileValueSource type [class org.springframework.test.annotation.SystemProfileValueSource] for class [com.kodilla.rps.KodillaCourseApplicationTests]
15:22:25.895 [Test worker] DEBUG org.springframework.test.context.support.AbstractDirtiesContextTestExecutionListener - Before test class: context [DefaultTestContext@55b07ad1 testClass = KodillaCourseApplicationTests, testInstance = [null], testMethod = [null], testException = [null], mergedContextConfiguration = [WebMergedContextConfiguration@5393c40b testClass = KodillaCourseApplicationTests, locations = '{}', classes = '{class com.kodilla.rps.KodillaCourseApplication}', contextInitializerClasses = '[]', activeProfiles = '{}', propertySourceLocations = '{}', propertySourceProperties = '{org.springframework.boot.test.context.SpringBootTestContextBootstrapper=true}', contextCustomizers = set[org.springframework.boot.test.autoconfigure.properties.PropertyMappingContextCustomizer@0, org.springframework.boot.test.autoconfigure.web.servlet.WebDriverContextCustomizerFactory$Customizer@fa74f51, org.springframework.boot.test.context.filter.ExcludeFilterContextCustomizer@7cc02bed, org.springframework.boot.test.json.DuplicateJsonObjectContextCustomizerFactory$DuplicateJsonObjectContextCustomizer@79967ef, org.springframework.boot.test.mock.mockito.MockitoContextCustomizer@0, org.springframework.boot.test.web.client.TestRestTemplateContextCustomizer@47a07279], resourceBasePath = 'src/main/webapp', contextLoader = 'org.springframework.boot.test.context.SpringBootContextLoader', parent = [null]], attributes = map['org.springframework.test.context.web.ServletTestExecutionListener.activateListener' -> true]], class annotated with @DirtiesContext [false] with mode [null].
15:22:25.899 [Test worker] DEBUG org.springframework.test.annotation.ProfileValueUtils - Retrieved @ProfileValueSourceConfiguration [null] for test class [com.kodilla.rps.KodillaCourseApplicationTests]
15:22:25.900 [Test worker] DEBUG org.springframework.test.annotation.ProfileValueUtils - Retrieved ProfileValueSource type [class org.springframework.test.annotation.SystemProfileValueSource] for class [com.kodilla.rps.KodillaCourseApplicationTests]
15:22:25.989 [Test worker] DEBUG org.springframework.test.context.support.TestPropertySourceUtils - Adding inlined properties to environment: {spring.jmx.enabled=false, org.springframework.boot.test.context.SpringBootTestContextBootstrapper=true, server.port=-1}

  .   ____          _            __ _ _
 /\\ / ___'_ __ _ _(_)_ __  __ _ \ \ \ \
( ( )\___ | '_ | '_| | '_ \/ _` | \ \ \ \
 \\/  ___)| |_)| | | | | || (_| |  ) ) ) )
  '  |____| .__|_| |_|_| |_\__, | / / / /
 =========|_|==============|___/=/_/_/_/
 :: Spring Boot ::        (v2.1.6.RELEASE)

2019-09-01 15:22:27.238  INFO 9196 --- [    Test worker] c.k.rps.KodillaCourseApplicationTests    : Starting KodillaCourseApplicationTests on Maciek-Komputer with PID 9196 (started by Maciek in C:\Users\Maciek\IdeaProjects\kodilla-course)
2019-09-01 15:22:27.243  INFO 9196 --- [    Test worker] c.k.rps.KodillaCourseApplicationTests    : No active profile set, falling back to default profiles: default
2019-09-01 15:22:31.935  INFO 9196 --- [    Test worker] o.s.s.concurrent.ThreadPoolTaskExecutor  : Initializing ExecutorService 'applicationTaskExecutor'
2019-09-01 15:22:32.606  INFO 9196 --- [    Test worker] c.k.rps.KodillaCourseApplicationTests    : Started KodillaCourseApplicationTests in 6.559 seconds (JVM running for 12.079)
]]></system-out>
  <system-err><![CDATA[]]></system-err>
</testsuite>
